
*** Running vivado
    with args -log design_1_ScreenBufferMem_0_0.vds -m64 -product Vivado -mode batch -messageDb vivado.pb -notrace -source design_1_ScreenBufferMem_0_0.tcl



****** Vivado v2020.1 (64-bit)
  **** SW Build 2902540 on Wed May 27 19:54:49 MDT 2020
  **** IP Build 2902112 on Wed May 27 22:43:36 MDT 2020
    ** Copyright 1986-2020 Xilinx, Inc. All Rights Reserved.

source design_1_ScreenBufferMem_0_0.tcl -notrace
Command: synth_design -top design_1_ScreenBufferMem_0_0 -part xc7z020clg400-1 -mode out_of_context
Starting synth_design
WARNING: [IP_Flow 19-3571] IP 'design_1_ScreenBufferMem_0_0' is restricted:
* Module reference is stale and needs refreshing.
Attempting to get a license for feature 'Synthesis' and/or device 'xc7z020'
INFO: [Common 17-349] Got license for feature 'Synthesis' and/or device 'xc7z020'
INFO: [Device 21-403] Loading part xc7z020clg400-1
INFO: [Synth 8-7079] Multithreading enabled for synth_design using a maximum of 2 processes.
INFO: [Synth 8-7078] Launching helper process for spawning children vivado processes
INFO: [Synth 8-7075] Helper process launched with PID 18420
---------------------------------------------------------------------------------
Starting RTL Elaboration : Time (s): cpu = 00:00:10 ; elapsed = 00:00:18 . Memory (MB): peak = 1012.230 ; gain = 0.000
---------------------------------------------------------------------------------
INFO: [Synth 8-6157] synthesizing module 'design_1_ScreenBufferMem_0_0' [c:/Users/arthu/DigitalConceptsLab/ASCII_Displayer_V3/ASCII_Displayer_V3.srcs/sources_1/bd/design_1/ip/design_1_ScreenBufferMem_0_0/synth/design_1_ScreenBufferMem_0_0.v:58]
INFO: [Synth 8-6157] synthesizing module 'ScreenBufferMem' [C:/Users/arthu/DigitalConceptsLab/ASCII_Displayer_V3/ASCII_Displayer_V3.srcs/sources_1/new/ScreenBufferMem.v:3]
	Parameter WIDTH bound to: 12 - type: integer 
	Parameter DEPTH bound to: 600 - type: integer 
INFO: [Synth 8-3876] $readmem data file 'instructions.mem' is read successfully [C:/Users/arthu/DigitalConceptsLab/ASCII_Displayer_V3/ASCII_Displayer_V3.srcs/sources_1/new/ScreenBufferMem.v:23]
INFO: [Synth 8-6155] done synthesizing module 'ScreenBufferMem' (1#1) [C:/Users/arthu/DigitalConceptsLab/ASCII_Displayer_V3/ASCII_Displayer_V3.srcs/sources_1/new/ScreenBufferMem.v:3]
INFO: [Synth 8-6155] done synthesizing module 'design_1_ScreenBufferMem_0_0' (2#1) [c:/Users/arthu/DigitalConceptsLab/ASCII_Displayer_V3/ASCII_Displayer_V3.srcs/sources_1/bd/design_1/ip/design_1_ScreenBufferMem_0_0/synth/design_1_ScreenBufferMem_0_0.v:58]
---------------------------------------------------------------------------------
Finished RTL Elaboration : Time (s): cpu = 00:00:12 ; elapsed = 00:00:22 . Memory (MB): peak = 1012.230 ; gain = 0.000
---------------------------------------------------------------------------------
---------------------------------------------------------------------------------
Start Handling Custom Attributes
---------------------------------------------------------------------------------
---------------------------------------------------------------------------------
Finished Handling Custom Attributes : Time (s): cpu = 00:00:13 ; elapsed = 00:00:24 . Memory (MB): peak = 1012.230 ; gain = 0.000
---------------------------------------------------------------------------------
---------------------------------------------------------------------------------
Finished RTL Optimization Phase 1 : Time (s): cpu = 00:00:13 ; elapsed = 00:00:24 . Memory (MB): peak = 1012.230 ; gain = 0.000
---------------------------------------------------------------------------------
Netlist sorting complete. Time (s): cpu = 00:00:00 ; elapsed = 00:00:00.004 . Memory (MB): peak = 1012.230 ; gain = 0.000
INFO: [Project 1-570] Preparing netlist for logic optimization

Processing XDC Constraints
Initializing timing engine
Completed Processing XDC Constraints

Netlist sorting complete. Time (s): cpu = 00:00:00 ; elapsed = 00:00:00.054 . Memory (MB): peak = 1012.230 ; gain = 0.000
INFO: [Project 1-111] Unisim Transformation Summary:
No Unisim elements were transformed.

write_xdc: Time (s): cpu = 00:00:00 ; elapsed = 00:00:08 . Memory (MB): peak = 1012.230 ; gain = 0.000
Constraint Validation Runtime : Time (s): cpu = 00:00:00 ; elapsed = 00:00:18 . Memory (MB): peak = 1012.230 ; gain = 0.000
---------------------------------------------------------------------------------
Finished Constraint Validation : Time (s): cpu = 00:00:27 ; elapsed = 00:03:44 . Memory (MB): peak = 1012.230 ; gain = 0.000
---------------------------------------------------------------------------------
---------------------------------------------------------------------------------
Start Loading Part and Timing Information
---------------------------------------------------------------------------------
Loading part: xc7z020clg400-1
---------------------------------------------------------------------------------
Finished Loading Part and Timing Information : Time (s): cpu = 00:00:27 ; elapsed = 00:03:45 . Memory (MB): peak = 1012.230 ; gain = 0.000
---------------------------------------------------------------------------------
---------------------------------------------------------------------------------
Start Applying 'set_property' XDC Constraints
---------------------------------------------------------------------------------
---------------------------------------------------------------------------------
Finished applying 'set_property' XDC Constraints : Time (s): cpu = 00:00:27 ; elapsed = 00:03:46 . Memory (MB): peak = 1012.230 ; gain = 0.000
---------------------------------------------------------------------------------
INFO: [Synth 8-3971] The signal "ScreenBufferMem:/rMem_reg" was recognized as a true dual port RAM template.
---------------------------------------------------------------------------------
Finished RTL Optimization Phase 2 : Time (s): cpu = 00:00:27 ; elapsed = 00:03:50 . Memory (MB): peak = 1012.230 ; gain = 0.000
---------------------------------------------------------------------------------
---------------------------------------------------------------------------------
Start RTL Component Statistics 
---------------------------------------------------------------------------------
Detailed RTL Component Info : 
+---Adders : 
	   2 Input   10 Bit       Adders := 1     
+---Registers : 
	               12 Bit    Registers := 2     
	               10 Bit    Registers := 3     
+---RAMs : 
	               7K Bit	(600 X 12 bit)          RAMs := 1     
+---Muxes : 
	   2 Input   12 Bit        Muxes := 2     
	   2 Input   10 Bit        Muxes := 1     
---------------------------------------------------------------------------------
Finished RTL Component Statistics 
---------------------------------------------------------------------------------
---------------------------------------------------------------------------------
Start Part Resource Summary
---------------------------------------------------------------------------------
Part Resources:
DSPs: 220 (col length:60)
BRAMs: 280 (col length: RAMB18 60 RAMB36 30)
---------------------------------------------------------------------------------
Finished Part Resource Summary
---------------------------------------------------------------------------------
---------------------------------------------------------------------------------
Start Cross Boundary and Area Optimization
---------------------------------------------------------------------------------
RAM Pipeline Warning: Read Address Register Found For RAM inst/rMem_reg. We will not be able to pipeline it. This may degrade performance. 
RAM Pipeline Warning: Read Address Register Found For RAM inst/rMem_reg. We will not be able to pipeline it. This may degrade performance. 
INFO: [Synth 8-3971] The signal "design_1_ScreenBufferMem_0_0/inst/rMem_reg" was recognized as a true dual port RAM template.
RAM Pipeline Warning: Read Address Register Found For RAM inst/rMem_reg. We will not be able to pipeline it. This may degrade performance. 
---------------------------------------------------------------------------------
Finished Cross Boundary and Area Optimization : Time (s): cpu = 00:00:31 ; elapsed = 00:04:03 . Memory (MB): peak = 1012.230 ; gain = 0.000
---------------------------------------------------------------------------------
---------------------------------------------------------------------------------
Start ROM, RAM, DSP and Shift Register Reporting
---------------------------------------------------------------------------------

Block RAM: Preliminary Mapping	Report (see note below)
-------NONE-------
Note: The table above is a preliminary report that shows the Block RAMs at the current stage of the synthesis flow. Some Block RAMs may be reimplemented as non Block RAM primitives later in the synthesis flow. Multiple instantiated Block RAMs are reported only once. 
---------------------------------------------------------------------------------
Finished ROM, RAM, DSP and Shift Register Reporting
---------------------------------------------------------------------------------
---------------------------------------------------------------------------------
Start Applying XDC Timing Constraints
---------------------------------------------------------------------------------
---------------------------------------------------------------------------------
Finished Applying XDC Timing Constraints : Time (s): cpu = 00:00:48 ; elapsed = 00:04:28 . Memory (MB): peak = 1012.230 ; gain = 0.000
---------------------------------------------------------------------------------
---------------------------------------------------------------------------------
Start Timing Optimization
---------------------------------------------------------------------------------
---------------------------------------------------------------------------------
Finished Timing Optimization : Time (s): cpu = 00:00:48 ; elapsed = 00:04:28 . Memory (MB): peak = 1012.230 ; gain = 0.000
---------------------------------------------------------------------------------
---------------------------------------------------------------------------------
Start ROM, RAM, DSP and Shift Register Reporting
---------------------------------------------------------------------------------

Block RAM: Final Mapping	Report
-------NONE-------
---------------------------------------------------------------------------------
Finished ROM, RAM, DSP and Shift Register Reporting
---------------------------------------------------------------------------------
---------------------------------------------------------------------------------
Start Technology Mapping
---------------------------------------------------------------------------------
INFO: [Synth 8-7052] The timing for the instance inst/rMem_reg_1 (implemented as a Block RAM) might be sub-optimal as no optional output register could be merged into the ram block. Providing additional output register may help in improving timing.
INFO: [Synth 8-7052] The timing for the instance inst/rMem_reg_2 (implemented as a Block RAM) might be sub-optimal as no optional output register could be merged into the ram block. Providing additional output register may help in improving timing.
INFO: [Synth 8-7052] The timing for the instance inst/rMem_reg_3 (implemented as a Block RAM) might be sub-optimal as no optional output register could be merged into the ram block. Providing additional output register may help in improving timing.
---------------------------------------------------------------------------------
Finished Technology Mapping : Time (s): cpu = 00:00:48 ; elapsed = 00:04:28 . Memory (MB): peak = 1012.230 ; gain = 0.000
---------------------------------------------------------------------------------
---------------------------------------------------------------------------------
Start IO Insertion
---------------------------------------------------------------------------------
---------------------------------------------------------------------------------
Start Flattening Before IO Insertion
---------------------------------------------------------------------------------
---------------------------------------------------------------------------------
Finished Flattening Before IO Insertion
---------------------------------------------------------------------------------
---------------------------------------------------------------------------------
Start Final Netlist Cleanup
---------------------------------------------------------------------------------
---------------------------------------------------------------------------------
Finished Final Netlist Cleanup
---------------------------------------------------------------------------------
---------------------------------------------------------------------------------
Finished IO Insertion : Time (s): cpu = 00:01:02 ; elapsed = 00:04:44 . Memory (MB): peak = 1012.230 ; gain = 0.000
---------------------------------------------------------------------------------
---------------------------------------------------------------------------------
Start Renaming Generated Instances
---------------------------------------------------------------------------------
---------------------------------------------------------------------------------
Finished Renaming Generated Instances : Time (s): cpu = 00:01:02 ; elapsed = 00:04:44 . Memory (MB): peak = 1012.230 ; gain = 0.000
---------------------------------------------------------------------------------
---------------------------------------------------------------------------------
Start Rebuilding User Hierarchy
---------------------------------------------------------------------------------
---------------------------------------------------------------------------------
Finished Rebuilding User Hierarchy : Time (s): cpu = 00:01:02 ; elapsed = 00:04:44 . Memory (MB): peak = 1012.230 ; gain = 0.000
---------------------------------------------------------------------------------
---------------------------------------------------------------------------------
Start Renaming Generated Ports
---------------------------------------------------------------------------------
---------------------------------------------------------------------------------
Finished Renaming Generated Ports : Time (s): cpu = 00:01:02 ; elapsed = 00:04:44 . Memory (MB): peak = 1012.230 ; gain = 0.000
---------------------------------------------------------------------------------
---------------------------------------------------------------------------------
Start Handling Custom Attributes
---------------------------------------------------------------------------------
---------------------------------------------------------------------------------
Finished Handling Custom Attributes : Time (s): cpu = 00:01:02 ; elapsed = 00:04:45 . Memory (MB): peak = 1012.230 ; gain = 0.000
---------------------------------------------------------------------------------
---------------------------------------------------------------------------------
Start Renaming Generated Nets
---------------------------------------------------------------------------------
---------------------------------------------------------------------------------
Finished Renaming Generated Nets : Time (s): cpu = 00:01:02 ; elapsed = 00:04:45 . Memory (MB): peak = 1012.230 ; gain = 0.000
---------------------------------------------------------------------------------
---------------------------------------------------------------------------------
Start Writing Synthesis Report
---------------------------------------------------------------------------------

Report BlackBoxes: 
+-+--------------+----------+
| |BlackBox name |Instances |
+-+--------------+----------+
+-+--------------+----------+

Report Cell Usage: 
+------+---------+------+
|      |Cell     |Count |
+------+---------+------+
|1     |LUT1     |     1|
|2     |LUT2     |     4|
|3     |LUT3     |    12|
|4     |LUT4     |    14|
|5     |LUT5     |     2|
|6     |LUT6     |     4|
|7     |RAMB18E1 |     3|
|8     |FDRE     |    20|
+------+---------+------+
---------------------------------------------------------------------------------
Finished Writing Synthesis Report : Time (s): cpu = 00:01:02 ; elapsed = 00:04:45 . Memory (MB): peak = 1012.230 ; gain = 0.000
---------------------------------------------------------------------------------
Synthesis finished with 0 errors, 0 critical warnings and 0 warnings.
Synthesis Optimization Runtime : Time (s): cpu = 00:00:45 ; elapsed = 00:02:08 . Memory (MB): peak = 1012.230 ; gain = 0.000
Synthesis Optimization Complete : Time (s): cpu = 00:01:02 ; elapsed = 00:04:46 . Memory (MB): peak = 1012.230 ; gain = 0.000
INFO: [Project 1-571] Translating synthesized netlist
Netlist sorting complete. Time (s): cpu = 00:00:00 ; elapsed = 00:00:00.003 . Memory (MB): peak = 1017.715 ; gain = 0.000
INFO: [Netlist 29-17] Analyzing 3 Unisim elements for replacement
INFO: [Netlist 29-28] Unisim Transformation completed in 0 CPU seconds
INFO: [Project 1-570] Preparing netlist for logic optimization
INFO: [Opt 31-138] Pushed 0 inverter(s) to 0 load pin(s).
Netlist sorting complete. Time (s): cpu = 00:00:00 ; elapsed = 00:00:00 . Memory (MB): peak = 1023.898 ; gain = 0.000
INFO: [Project 1-111] Unisim Transformation Summary:
No Unisim elements were transformed.

INFO: [Common 17-83] Releasing license: Synthesis
24 Infos, 1 Warnings, 0 Critical Warnings and 0 Errors encountered.
synth_design completed successfully
synth_design: Time (s): cpu = 00:01:16 ; elapsed = 00:05:28 . Memory (MB): peak = 1023.898 ; gain = 11.668
INFO: [Common 17-1381] The checkpoint 'C:/Users/arthu/DigitalConceptsLab/ASCII_Displayer_V3/ASCII_Displayer_V3.runs/design_1_ScreenBufferMem_0_0_synth_1/design_1_ScreenBufferMem_0_0.dcp' has been generated.
write_checkpoint: Time (s): cpu = 00:00:00 ; elapsed = 00:00:07 . Memory (MB): peak = 1023.898 ; gain = 0.000
WARNING: [Common 17-576] 'use_project_ipc' is deprecated. This option is deprecated and no longer used.
INFO: [Common 17-1381] The checkpoint 'C:/Users/arthu/DigitalConceptsLab/ASCII_Displayer_V3/ASCII_Displayer_V3.runs/design_1_ScreenBufferMem_0_0_synth_1/design_1_ScreenBufferMem_0_0.dcp' has been generated.
INFO: [runtcl-4] Executing : report_utilization -file design_1_ScreenBufferMem_0_0_utilization_synth.rpt -pb design_1_ScreenBufferMem_0_0_utilization_synth.pb
INFO: [Common 17-206] Exiting Vivado at Wed Dec 15 17:14:07 2021...
