
*** Running vivado
    with args -log design_1_VGA_pattern_0_0.vds -m64 -product Vivado -mode batch -messageDb vivado.pb -notrace -source design_1_VGA_pattern_0_0.tcl


****** Vivado v2020.1 (64-bit)
  **** SW Build 2902540 on Wed May 27 19:54:35 MDT 2020
  **** IP Build 2902112 on Wed May 27 22:43:36 MDT 2020
    ** Copyright 1986-2020 Xilinx, Inc. All Rights Reserved.

source design_1_VGA_pattern_0_0.tcl -notrace
Command: synth_design -top design_1_VGA_pattern_0_0 -part xc7z020clg400-1 -mode out_of_context
Starting synth_design
WARNING: [IP_Flow 19-3571] IP 'design_1_VGA_pattern_0_0' is restricted:
* Module reference is stale and needs refreshing.
Attempting to get a license for feature 'Synthesis' and/or device 'xc7z020'
INFO: [Common 17-349] Got license for feature 'Synthesis' and/or device 'xc7z020'
INFO: [Device 21-403] Loading part xc7z020clg400-1
INFO: [Synth 8-7079] Multithreading enabled for synth_design using a maximum of 4 processes.
INFO: [Synth 8-7078] Launching helper process for spawning children vivado processes
INFO: [Synth 8-7075] Helper process launched with PID 753583
---------------------------------------------------------------------------------
Starting RTL Elaboration : Time (s): cpu = 00:00:03 ; elapsed = 00:00:04 . Memory (MB): peak = 2126.730 ; gain = 0.000 ; free physical = 4162 ; free virtual = 11215
---------------------------------------------------------------------------------
INFO: [Synth 8-6157] synthesizing module 'design_1_VGA_pattern_0_0' [/media/kamranpoladov/db5e1c1b-558e-4f71-be03-2e729f28bda5/KUL/ddc/ASCII_Displayer_V3/ASCII_Displayer_V3.srcs/sources_1/bd/design_1/ip/design_1_VGA_pattern_0_0/synth/design_1_VGA_pattern_0_0.v:58]
INFO: [Synth 8-6157] synthesizing module 'VGA_pattern' [/media/kamranpoladov/db5e1c1b-558e-4f71-be03-2e729f28bda5/KUL/ddc/ASCII_Displayer_V3/ASCII_Displayer_V3.srcs/sources_1/new/VGA_pattern.v:28]
	Parameter WIDTH bound to: 640 - type: integer 
	Parameter H_FP bound to: 16 - type: integer 
	Parameter H_PW bound to: 96 - type: integer 
	Parameter H_BP bound to: 48 - type: integer 
	Parameter HEIGHT bound to: 480 - type: integer 
	Parameter V_FP bound to: 10 - type: integer 
	Parameter V_PW bound to: 2 - type: integer 
	Parameter V_BP bound to: 33 - type: integer 
INFO: [Synth 8-6155] done synthesizing module 'VGA_pattern' (1#1) [/media/kamranpoladov/db5e1c1b-558e-4f71-be03-2e729f28bda5/KUL/ddc/ASCII_Displayer_V3/ASCII_Displayer_V3.srcs/sources_1/new/VGA_pattern.v:28]
INFO: [Synth 8-6155] done synthesizing module 'design_1_VGA_pattern_0_0' (2#1) [/media/kamranpoladov/db5e1c1b-558e-4f71-be03-2e729f28bda5/KUL/ddc/ASCII_Displayer_V3/ASCII_Displayer_V3.srcs/sources_1/bd/design_1/ip/design_1_VGA_pattern_0_0/synth/design_1_VGA_pattern_0_0.v:58]
---------------------------------------------------------------------------------
Finished RTL Elaboration : Time (s): cpu = 00:00:04 ; elapsed = 00:00:05 . Memory (MB): peak = 2147.625 ; gain = 20.895 ; free physical = 4141 ; free virtual = 11193
---------------------------------------------------------------------------------
---------------------------------------------------------------------------------
Start Handling Custom Attributes
---------------------------------------------------------------------------------
---------------------------------------------------------------------------------
Finished Handling Custom Attributes : Time (s): cpu = 00:00:05 ; elapsed = 00:00:06 . Memory (MB): peak = 2162.469 ; gain = 35.738 ; free physical = 4206 ; free virtual = 11259
---------------------------------------------------------------------------------
---------------------------------------------------------------------------------
Finished RTL Optimization Phase 1 : Time (s): cpu = 00:00:05 ; elapsed = 00:00:06 . Memory (MB): peak = 2162.469 ; gain = 35.738 ; free physical = 4206 ; free virtual = 11259
---------------------------------------------------------------------------------
Netlist sorting complete. Time (s): cpu = 00:00:00 ; elapsed = 00:00:00 . Memory (MB): peak = 2162.469 ; gain = 0.000 ; free physical = 4200 ; free virtual = 11252
INFO: [Project 1-570] Preparing netlist for logic optimization

Processing XDC Constraints
Initializing timing engine
Completed Processing XDC Constraints

Netlist sorting complete. Time (s): cpu = 00:00:00 ; elapsed = 00:00:00 . Memory (MB): peak = 2312.250 ; gain = 0.000 ; free physical = 4121 ; free virtual = 11177
INFO: [Project 1-111] Unisim Transformation Summary:
No Unisim elements were transformed.

Constraint Validation Runtime : Time (s): cpu = 00:00:00.04 ; elapsed = 00:00:00.04 . Memory (MB): peak = 2312.250 ; gain = 0.000 ; free physical = 4120 ; free virtual = 11176
---------------------------------------------------------------------------------
Finished Constraint Validation : Time (s): cpu = 00:00:09 ; elapsed = 00:00:12 . Memory (MB): peak = 2312.250 ; gain = 185.520 ; free physical = 4172 ; free virtual = 11225
---------------------------------------------------------------------------------
---------------------------------------------------------------------------------
Start Loading Part and Timing Information
---------------------------------------------------------------------------------
Loading part: xc7z020clg400-1
---------------------------------------------------------------------------------
Finished Loading Part and Timing Information : Time (s): cpu = 00:00:09 ; elapsed = 00:00:12 . Memory (MB): peak = 2312.250 ; gain = 185.520 ; free physical = 4172 ; free virtual = 11225
---------------------------------------------------------------------------------
---------------------------------------------------------------------------------
Start Applying 'set_property' XDC Constraints
---------------------------------------------------------------------------------
---------------------------------------------------------------------------------
Finished applying 'set_property' XDC Constraints : Time (s): cpu = 00:00:09 ; elapsed = 00:00:12 . Memory (MB): peak = 2312.250 ; gain = 185.520 ; free physical = 4172 ; free virtual = 11225
---------------------------------------------------------------------------------
---------------------------------------------------------------------------------
Finished RTL Optimization Phase 2 : Time (s): cpu = 00:00:09 ; elapsed = 00:00:12 . Memory (MB): peak = 2312.250 ; gain = 185.520 ; free physical = 4166 ; free virtual = 11219
---------------------------------------------------------------------------------
---------------------------------------------------------------------------------
Start RTL Component Statistics 
---------------------------------------------------------------------------------
Detailed RTL Component Info : 
+---Adders : 
	   2 Input   12 Bit       Adders := 1     
+---Muxes : 
	   2 Input   12 Bit        Muxes := 1     
	   2 Input    4 Bit        Muxes := 2     
---------------------------------------------------------------------------------
Finished RTL Component Statistics 
---------------------------------------------------------------------------------
---------------------------------------------------------------------------------
Start Part Resource Summary
---------------------------------------------------------------------------------
Part Resources:
DSPs: 220 (col length:60)
BRAMs: 280 (col length: RAMB18 60 RAMB36 30)
---------------------------------------------------------------------------------
Finished Part Resource Summary
---------------------------------------------------------------------------------
---------------------------------------------------------------------------------
Start Cross Boundary and Area Optimization
---------------------------------------------------------------------------------
---------------------------------------------------------------------------------
Finished Cross Boundary and Area Optimization : Time (s): cpu = 00:00:10 ; elapsed = 00:00:13 . Memory (MB): peak = 2312.250 ; gain = 185.520 ; free physical = 4151 ; free virtual = 11208
---------------------------------------------------------------------------------
---------------------------------------------------------------------------------
Start Applying XDC Timing Constraints
---------------------------------------------------------------------------------
---------------------------------------------------------------------------------
Finished Applying XDC Timing Constraints : Time (s): cpu = 00:00:15 ; elapsed = 00:00:18 . Memory (MB): peak = 2312.250 ; gain = 185.520 ; free physical = 4030 ; free virtual = 11087
---------------------------------------------------------------------------------
---------------------------------------------------------------------------------
Start Timing Optimization
---------------------------------------------------------------------------------
---------------------------------------------------------------------------------
Finished Timing Optimization : Time (s): cpu = 00:00:15 ; elapsed = 00:00:18 . Memory (MB): peak = 2312.250 ; gain = 185.520 ; free physical = 4030 ; free virtual = 11086
---------------------------------------------------------------------------------
---------------------------------------------------------------------------------
Start Technology Mapping
---------------------------------------------------------------------------------
---------------------------------------------------------------------------------
Finished Technology Mapping : Time (s): cpu = 00:00:15 ; elapsed = 00:00:18 . Memory (MB): peak = 2312.250 ; gain = 185.520 ; free physical = 4029 ; free virtual = 11085
---------------------------------------------------------------------------------
---------------------------------------------------------------------------------
Start IO Insertion
---------------------------------------------------------------------------------
---------------------------------------------------------------------------------
Start Flattening Before IO Insertion
---------------------------------------------------------------------------------
---------------------------------------------------------------------------------
Finished Flattening Before IO Insertion
---------------------------------------------------------------------------------
---------------------------------------------------------------------------------
Start Final Netlist Cleanup
---------------------------------------------------------------------------------
---------------------------------------------------------------------------------
Finished Final Netlist Cleanup
---------------------------------------------------------------------------------
---------------------------------------------------------------------------------
Finished IO Insertion : Time (s): cpu = 00:00:18 ; elapsed = 00:00:21 . Memory (MB): peak = 2312.250 ; gain = 185.520 ; free physical = 4027 ; free virtual = 11084
---------------------------------------------------------------------------------
---------------------------------------------------------------------------------
Start Renaming Generated Instances
---------------------------------------------------------------------------------
---------------------------------------------------------------------------------
Finished Renaming Generated Instances : Time (s): cpu = 00:00:18 ; elapsed = 00:00:21 . Memory (MB): peak = 2312.250 ; gain = 185.520 ; free physical = 4027 ; free virtual = 11084
---------------------------------------------------------------------------------
---------------------------------------------------------------------------------
Start Rebuilding User Hierarchy
---------------------------------------------------------------------------------
---------------------------------------------------------------------------------
Finished Rebuilding User Hierarchy : Time (s): cpu = 00:00:18 ; elapsed = 00:00:21 . Memory (MB): peak = 2312.250 ; gain = 185.520 ; free physical = 4027 ; free virtual = 11084
---------------------------------------------------------------------------------
---------------------------------------------------------------------------------
Start Renaming Generated Ports
---------------------------------------------------------------------------------
---------------------------------------------------------------------------------
Finished Renaming Generated Ports : Time (s): cpu = 00:00:18 ; elapsed = 00:00:21 . Memory (MB): peak = 2312.250 ; gain = 185.520 ; free physical = 4027 ; free virtual = 11084
---------------------------------------------------------------------------------
---------------------------------------------------------------------------------
Start Handling Custom Attributes
---------------------------------------------------------------------------------
---------------------------------------------------------------------------------
Finished Handling Custom Attributes : Time (s): cpu = 00:00:18 ; elapsed = 00:00:21 . Memory (MB): peak = 2312.250 ; gain = 185.520 ; free physical = 4027 ; free virtual = 11084
---------------------------------------------------------------------------------
---------------------------------------------------------------------------------
Start Renaming Generated Nets
---------------------------------------------------------------------------------
---------------------------------------------------------------------------------
Finished Renaming Generated Nets : Time (s): cpu = 00:00:18 ; elapsed = 00:00:21 . Memory (MB): peak = 2312.250 ; gain = 185.520 ; free physical = 4027 ; free virtual = 11084
---------------------------------------------------------------------------------
---------------------------------------------------------------------------------
Start Writing Synthesis Report
---------------------------------------------------------------------------------

Report BlackBoxes: 
+-+--------------+----------+
| |BlackBox name |Instances |
+-+--------------+----------+
+-+--------------+----------+

Report Cell Usage: 
+------+-------+------+
|      |Cell   |Count |
+------+-------+------+
|1     |CARRY4 |     5|
|2     |LUT2   |     7|
|3     |LUT3   |    14|
|4     |LUT4   |     4|
|5     |LUT5   |     5|
|6     |LUT6   |     7|
+------+-------+------+
---------------------------------------------------------------------------------
Finished Writing Synthesis Report : Time (s): cpu = 00:00:18 ; elapsed = 00:00:21 . Memory (MB): peak = 2312.250 ; gain = 185.520 ; free physical = 4027 ; free virtual = 11084
---------------------------------------------------------------------------------
Synthesis finished with 0 errors, 0 critical warnings and 0 warnings.
Synthesis Optimization Runtime : Time (s): cpu = 00:00:16 ; elapsed = 00:00:19 . Memory (MB): peak = 2312.250 ; gain = 35.738 ; free physical = 4084 ; free virtual = 11140
Synthesis Optimization Complete : Time (s): cpu = 00:00:18 ; elapsed = 00:00:21 . Memory (MB): peak = 2312.250 ; gain = 185.520 ; free physical = 4084 ; free virtual = 11140
INFO: [Project 1-571] Translating synthesized netlist
Netlist sorting complete. Time (s): cpu = 00:00:00 ; elapsed = 00:00:00 . Memory (MB): peak = 2312.250 ; gain = 0.000 ; free physical = 4155 ; free virtual = 11212
INFO: [Netlist 29-17] Analyzing 5 Unisim elements for replacement
INFO: [Netlist 29-28] Unisim Transformation completed in 0 CPU seconds
INFO: [Project 1-570] Preparing netlist for logic optimization
INFO: [Opt 31-138] Pushed 0 inverter(s) to 0 load pin(s).
Netlist sorting complete. Time (s): cpu = 00:00:00 ; elapsed = 00:00:00 . Memory (MB): peak = 2318.188 ; gain = 0.000 ; free physical = 4095 ; free virtual = 11151
INFO: [Project 1-111] Unisim Transformation Summary:
No Unisim elements were transformed.

INFO: [Common 17-83] Releasing license: Synthesis
18 Infos, 1 Warnings, 0 Critical Warnings and 0 Errors encountered.
synth_design completed successfully
synth_design: Time (s): cpu = 00:00:27 ; elapsed = 00:00:27 . Memory (MB): peak = 2318.188 ; gain = 191.562 ; free physical = 4218 ; free virtual = 11275
INFO: [Common 17-1381] The checkpoint '/media/kamranpoladov/db5e1c1b-558e-4f71-be03-2e729f28bda5/KUL/ddc/ASCII_Displayer_V3/ASCII_Displayer_V3.runs/design_1_VGA_pattern_0_0_synth_1/design_1_VGA_pattern_0_0.dcp' has been generated.
WARNING: [Common 17-576] 'use_project_ipc' is deprecated. This option is deprecated and no longer used.
INFO: [Common 17-1381] The checkpoint '/media/kamranpoladov/db5e1c1b-558e-4f71-be03-2e729f28bda5/KUL/ddc/ASCII_Displayer_V3/ASCII_Displayer_V3.runs/design_1_VGA_pattern_0_0_synth_1/design_1_VGA_pattern_0_0.dcp' has been generated.
INFO: [runtcl-4] Executing : report_utilization -file design_1_VGA_pattern_0_0_utilization_synth.rpt -pb design_1_VGA_pattern_0_0_utilization_synth.pb
INFO: [Common 17-206] Exiting Vivado at Thu Dec 16 19:07:03 2021...
