#
# An unexpected error has occurred (11)
#
Stack:
/media/kamranpoladov/db5e1c1b-558e-4f71-be03-2e729f28bda5/Xilinx/Vivado/2020.1/tps/lnx64/jre9.0.4/lib//server/libjvm.so(+0xb6aadb) [0x7fdb627f0adb]
/media/kamranpoladov/db5e1c1b-558e-4f71-be03-2e729f28bda5/Xilinx/Vivado/2020.1/tps/lnx64/jre9.0.4/lib//server/libjvm.so(JVM_handle_linux_signal+0xbb) [0x7fdb627f5e1b]
/media/kamranpoladov/db5e1c1b-558e-4f71-be03-2e729f28bda5/Xilinx/Vivado/2020.1/tps/lnx64/jre9.0.4/lib//server/libjvm.so(+0xb647b8) [0x7fdb627ea7b8]
/lib/x86_64-linux-gnu/libc.so.6(+0x46210) [0x7fdbb21d9210]
/media/kamranpoladov/db5e1c1b-558e-4f71-be03-2e729f28bda5/Xilinx/Vivado/2020.1/lib/lnx64.o/librdi_simbridge_kernel.so(SimBridge::CArray::empty() const+0) [0x7fdb68fdea00]
/media/kamranpoladov/db5e1c1b-558e-4f71-be03-2e729f28bda5/Xilinx/Vivado/2020.1/lib/lnx64.o/librdi_simbridge_kernel.so(SimBridge::WdbEventBlock::addBlock(SimBridge::WdbIBlockManager&, unsigned int&) const+0x1c) [0x7fdb68fdf0dc]
/media/kamranpoladov/db5e1c1b-558e-4f71-be03-2e729f28bda5/Xilinx/Vivado/2020.1/lib/lnx64.o/librdi_simbridge_kernel.so(SimBridge::WdbMultipleBucketEventDatabase::getEventBlockDatabaseIterator(std::vector<SimBridge::WdbScalarBTree*, std::allocator<SimBridge::WdbScalarBTree*> > const&, std::vector<boost::shared_ptr<SimBridge::WdbIEventBlockIterator>, std::allocator<boost::shared_ptr<SimBridge::WdbIEventBlockIterator> > >&, std::vector<std::vector<SimBridge::WdbScalarBTree*, std::allocator<SimBridge::WdbScalarBTree*> >, std::allocator<std::vector<SimBridge::WdbScalarBTree*, std::allocator<SimBridge::WdbScalarBTree*> > > >&) const+0x691) [0x7fdb68ff9071]
/media/kamranpoladov/db5e1c1b-558e-4f71-be03-2e729f28bda5/Xilinx/Vivado/2020.1/lib/lnx64.o/librdi_simbridge_kernel.so(SimBridge::WdbAddressBTreeManager::scanWdbDatabaseMultiThread(std::vector<SimBridge::WdbScalarBTree*, std::allocator<SimBridge::WdbScalarBTree*> > const&, ISIM::IGuiStatus*)+0xf0) [0x7fdb68fd5ee0]
/media/kamranpoladov/db5e1c1b-558e-4f71-be03-2e729f28bda5/Xilinx/Vivado/2020.1/lib/lnx64.o/librdi_wavedata.so(SimBridge::DataObjMgr::createDrawingBTree(std::vector<SimBridge::IDataObj const*, std::allocator<SimBridge::IDataObj const*> > const&, ISIM::IGuiStatus*, bool)+0x32a) [0x7fdb72cb583a]
/media/kamranpoladov/db5e1c1b-558e-4f71-be03-2e729f28bda5/Xilinx/Vivado/2020.1/lib/lnx64.o/librdi_wavedata.so(+0x2d9ee2) [0x7fdb72d6fee2]
/media/kamranpoladov/db5e1c1b-558e-4f71-be03-2e729f28bda5/Xilinx/Vivado/2020.1/lib/lnx64.o/librdi_wavedata.so(+0x2da18c) [0x7fdb72d7018c]
/media/kamranpoladov/db5e1c1b-558e-4f71-be03-2e729f28bda5/Xilinx/Vivado/2020.1/lib/lnx64.o/librdi_wavedata.so(SG_Model::ModelImp::updateData(SG_Model::WVDataObject*, bool)+0x30f) [0x7fdb72d6a13f]
/media/kamranpoladov/db5e1c1b-558e-4f71-be03-2e729f28bda5/Xilinx/Vivado/2020.1/lib/lnx64.o/librdi_wavedata.so(SG_Model::ModelImp::updateData(SG_Model::WVDataObject*, bool)+0x18f) [0x7fdb72d69fbf]
/media/kamranpoladov/db5e1c1b-558e-4f71-be03-2e729f28bda5/Xilinx/Vivado/2020.1/lib/lnx64.o/librdi_wavedata.so(SG_Model::ModelImp::updateData()+0x96b) [0x7fdb72d6ae2b]
/media/kamranpoladov/db5e1c1b-558e-4f71-be03-2e729f28bda5/Xilinx/Vivado/2020.1/lib/lnx64.o/librdi_wavedata.so(SG_Model::Model::read(std::__cxx11::basic_string<char, std::char_traits<char>, std::allocator<char> > const&, SG_Model::IReporter&, ISIM::IGuiStatus*)+0x20d) [0x7fdb72d6c5bd]
/media/kamranpoladov/db5e1c1b-558e-4f71-be03-2e729f28bda5/Xilinx/Vivado/2020.1/lib/lnx64.o/librdi_wavedata.so(WVDAppInterface::WVDWindowManager::openWcfg(std::__cxx11::basic_string<char, std::char_traits<char>, std::allocator<char> > const&, SG_Model::IDesignManager::ConnectMode, ISIM::IGuiStatus*)+0x143) [0x7fdb72c390b3]
/media/kamranpoladov/db5e1c1b-558e-4f71-be03-2e729f28bda5/Xilinx/Vivado/2020.1/lib/lnx64.o/librdi_wavedatatasks.so(+0xa2ad3) [0x7fdb28ec0ad3]
/media/kamranpoladov/db5e1c1b-558e-4f71-be03-2e729f28bda5/Xilinx/Vivado/2020.1/lib/lnx64.o/librdi_common.so(+0x9627f2) [0x7fdbb34ac7f2]
/media/kamranpoladov/db5e1c1b-558e-4f71-be03-2e729f28bda5/Xilinx/Vivado/2020.1/lib/lnx64.o/libtcl8.5.so(+0x334af) [0x7fdbad9464af]
/media/kamranpoladov/db5e1c1b-558e-4f71-be03-2e729f28bda5/Xilinx/Vivado/2020.1/lib/lnx64.o/libtcl8.5.so(Tcl_EvalObjv+0x32) [0x7fdbad9465e2]
/media/kamranpoladov/db5e1c1b-558e-4f71-be03-2e729f28bda5/Xilinx/Vivado/2020.1/lib/lnx64.o/libtcl8.5.so(TclEvalObjEx+0x322) [0x7fdbad948402]
/media/kamranpoladov/db5e1c1b-558e-4f71-be03-2e729f28bda5/Xilinx/Vivado/2020.1/lib/lnx64.o/librdi_common.so(hdi::tcltasks::task_manager::eval_in_tcl(Tcl_Interp*, Tcl_Obj*, char const*, bool)+0xa99) [0x7fdbb34ae609]
/media/kamranpoladov/db5e1c1b-558e-4f71-be03-2e729f28bda5/Xilinx/Vivado/2020.1/lib/lnx64.o/librdi_simtcltasks.so(+0x13b046) [0x7fdb2931f046]
/media/kamranpoladov/db5e1c1b-558e-4f71-be03-2e729f28bda5/Xilinx/Vivado/2020.1/lib/lnx64.o/librdi_common.so(+0x9627f2) [0x7fdbb34ac7f2]
/media/kamranpoladov/db5e1c1b-558e-4f71-be03-2e729f28bda5/Xilinx/Vivado/2020.1/lib/lnx64.o/libtcl8.5.so(+0x334af) [0x7fdbad9464af]
/media/kamranpoladov/db5e1c1b-558e-4f71-be03-2e729f28bda5/Xilinx/Vivado/2020.1/lib/lnx64.o/libtcl8.5.so(+0x34b38) [0x7fdbad947b38]
/media/kamranpoladov/db5e1c1b-558e-4f71-be03-2e729f28bda5/Xilinx/Vivado/2020.1/lib/lnx64.o/libtcl8.5.so(Tcl_EvalEx+0x13) [0x7fdbad9480a3]
/media/kamranpoladov/db5e1c1b-558e-4f71-be03-2e729f28bda5/Xilinx/Vivado/2020.1/lib/lnx64.o/libtcl8.5.so(TclEvalObjEx+0x1e0) [0x7fdbad9482c0]
/media/kamranpoladov/db5e1c1b-558e-4f71-be03-2e729f28bda5/Xilinx/Vivado/2020.1/lib/lnx64.o/libtcl8.5.so(+0x3b375) [0x7fdbad94e375]
/media/kamranpoladov/db5e1c1b-558e-4f71-be03-2e729f28bda5/Xilinx/Vivado/2020.1/lib/lnx64.o/libtcl8.5.so(+0x334af) [0x7fdbad9464af]
/media/kamranpoladov/db5e1c1b-558e-4f71-be03-2e729f28bda5/Xilinx/Vivado/2020.1/lib/lnx64.o/libtcl8.5.so(+0x76875) [0x7fdbad989875]
/media/kamranpoladov/db5e1c1b-558e-4f71-be03-2e729f28bda5/Xilinx/Vivado/2020.1/lib/lnx64.o/libtcl8.5.so(+0x7e029) [0x7fdbad991029]
/media/kamranpoladov/db5e1c1b-558e-4f71-be03-2e729f28bda5/Xilinx/Vivado/2020.1/lib/lnx64.o/libtcl8.5.so(TclEvalObjEx+0x76) [0x7fdbad948156]
/media/kamranpoladov/db5e1c1b-558e-4f71-be03-2e729f28bda5/Xilinx/Vivado/2020.1/lib/lnx64.o/librdi_commontasks.so(+0x1db7c4) [0x7fdba85447c4]
/media/kamranpoladov/db5e1c1b-558e-4f71-be03-2e729f28bda5/Xilinx/Vivado/2020.1/lib/lnx64.o/libtcl8.5.so(+0x334af) [0x7fdbad9464af]
/media/kamranpoladov/db5e1c1b-558e-4f71-be03-2e729f28bda5/Xilinx/Vivado/2020.1/lib/lnx64.o/libtcl8.5.so(+0x76875) [0x7fdbad989875]
/media/kamranpoladov/db5e1c1b-558e-4f71-be03-2e729f28bda5/Xilinx/Vivado/2020.1/lib/lnx64.o/libtcl8.5.so(TclObjInterpProcCore+0x420) [0x7fdbad9cadf0]
/media/kamranpoladov/db5e1c1b-558e-4f71-be03-2e729f28bda5/Xilinx/Vivado/2020.1/lib/lnx64.o/libtcl8.5.so(+0x334af) [0x7fdbad9464af]
/media/kamranpoladov/db5e1c1b-558e-4f71-be03-2e729f28bda5/Xilinx/Vivado/2020.1/lib/lnx64.o/libtcl8.5.so(Tcl_EvalObjv+0x32) [0x7fdbad9465e2]
/media/kamranpoladov/db5e1c1b-558e-4f71-be03-2e729f28bda5/Xilinx/Vivado/2020.1/lib/lnx64.o/libtcl8.5.so(TclEvalObjEx+0x322) [0x7fdbad948402]
/media/kamranpoladov/db5e1c1b-558e-4f71-be03-2e729f28bda5/Xilinx/Vivado/2020.1/lib/lnx64.o/librdi_tcltasks.so(SimUtils::detail::execStep(Tcl_Interp*, std::__cxx11::basic_ostringstream<char, std::char_traits<char>, std::allocator<char> >&, std::__cxx11::basic_string<char, std::char_traits<char>, std::allocator<char> > const&, std::__cxx11::basic_string<char, std::char_traits<char>, std::allocator<char> > const&, std::__cxx11::basic_string<char, std::char_traits<char>, std::allocator<char> >&, bool&)+0x1fe) [0x7fdba632cf6e]
/media/kamranpoladov/db5e1c1b-558e-4f71-be03-2e729f28bda5/Xilinx/Vivado/2020.1/lib/lnx64.o/librdi_tcltasks.so(SimUtils::detail::execSimStep(Tcl_Interp*, std::__cxx11::basic_ostringstream<char, std::char_traits<char>, std::allocator<char> >&, HAPUFSimulator*, HAPUFSimulator::TclProc, std::__cxx11::basic_string<char, std::char_traits<char>, std::allocator<char> > const&, bool, HADAFileSet*, std::__cxx11::basic_string<char, std::char_traits<char>, std::allocator<char> > const&, HAPUFSimulator::SimulationStep, bool, HDGUIStatus*)+0x75) [0x7fdba632d285]
/media/kamranpoladov/db5e1c1b-558e-4f71-be03-2e729f28bda5/Xilinx/Vivado/2020.1/lib/lnx64.o/librdi_tcltasks.so(HTCSimUtils::executeStep(Tcl_Interp*, HADAFileSet*, HADAFileSet*, HAPUFSimulator*, HDGUIStatus*, std::__cxx11::basic_string<char, std::char_traits<char>, std::allocator<char> > const&, std::__cxx11::basic_string<char, std::char_traits<char>, std::allocator<char> > const&, std::__cxx11::basic_string<char, std::char_traits<char>, std::allocator<char> > const&, bool, bool, bool, std::__cxx11::basic_ostringstream<char, std::char_traits<char>, std::allocator<char> >&)+0x4b7) [0x7fdba632d8e7]
/media/kamranpoladov/db5e1c1b-558e-4f71-be03-2e729f28bda5/Xilinx/Vivado/2020.1/lib/lnx64.o/librdi_tcltasks.so(+0x1811563) [0x7fdba62d5563]
/media/kamranpoladov/db5e1c1b-558e-4f71-be03-2e729f28bda5/Xilinx/Vivado/2020.1/lib/lnx64.o/librdi_common.so(+0x9627f2) [0x7fdbb34ac7f2]
/media/kamranpoladov/db5e1c1b-558e-4f71-be03-2e729f28bda5/Xilinx/Vivado/2020.1/lib/lnx64.o/libtcl8.5.so(+0x334af) [0x7fdbad9464af]
/media/kamranpoladov/db5e1c1b-558e-4f71-be03-2e729f28bda5/Xilinx/Vivado/2020.1/lib/lnx64.o/libtcl8.5.so(+0x76875) [0x7fdbad989875]
/media/kamranpoladov/db5e1c1b-558e-4f71-be03-2e729f28bda5/Xilinx/Vivado/2020.1/lib/lnx64.o/libtcl8.5.so(+0x7e029) [0x7fdbad991029]
/media/kamranpoladov/db5e1c1b-558e-4f71-be03-2e729f28bda5/Xilinx/Vivado/2020.1/lib/lnx64.o/libtcl8.5.so(TclEvalObjEx+0x76) [0x7fdbad948156]
/media/kamranpoladov/db5e1c1b-558e-4f71-be03-2e729f28bda5/Xilinx/Vivado/2020.1/lib/lnx64.o/librdi_common.so(+0x960d01) [0x7fdbb34aad01]
/media/kamranpoladov/db5e1c1b-558e-4f71-be03-2e729f28bda5/Xilinx/Vivado/2020.1/lib/lnx64.o/libtcl8.5.so(Tcl_ServiceEvent+0x7f) [0x7fdbad9bab0f]
/media/kamranpoladov/db5e1c1b-558e-4f71-be03-2e729f28bda5/Xilinx/Vivado/2020.1/lib/lnx64.o/libtcl8.5.so(Tcl_DoOneEvent+0x154) [0x7fdbad9bae44]
/media/kamranpoladov/db5e1c1b-558e-4f71-be03-2e729f28bda5/Xilinx/Vivado/2020.1/lib/lnx64.o/librdi_commontasks.so(+0x23c7e5) [0x7fdba85a57e5]
/media/kamranpoladov/db5e1c1b-558e-4f71-be03-2e729f28bda5/Xilinx/Vivado/2020.1/lib/lnx64.o/librdi_commontasks.so(+0x23f8f1) [0x7fdba85a88f1]
/media/kamranpoladov/db5e1c1b-558e-4f71-be03-2e729f28bda5/Xilinx/Vivado/2020.1/lib/lnx64.o/librdi_commontasks.so(+0x24093e) [0x7fdba85a993e]
/media/kamranpoladov/db5e1c1b-558e-4f71-be03-2e729f28bda5/Xilinx/Vivado/2020.1/lib/lnx64.o/librdi_common.so(+0x9627f2) [0x7fdbb34ac7f2]
/media/kamranpoladov/db5e1c1b-558e-4f71-be03-2e729f28bda5/Xilinx/Vivado/2020.1/lib/lnx64.o/libtcl8.5.so(+0x334af) [0x7fdbad9464af]
/media/kamranpoladov/db5e1c1b-558e-4f71-be03-2e729f28bda5/Xilinx/Vivado/2020.1/lib/lnx64.o/libtcl8.5.so(+0x76875) [0x7fdbad989875]
/media/kamranpoladov/db5e1c1b-558e-4f71-be03-2e729f28bda5/Xilinx/Vivado/2020.1/lib/lnx64.o/libtcl8.5.so(+0x7e029) [0x7fdbad991029]
/media/kamranpoladov/db5e1c1b-558e-4f71-be03-2e729f28bda5/Xilinx/Vivado/2020.1/lib/lnx64.o/libtcl8.5.so(TclEvalObjEx+0x76) [0x7fdbad948156]
/media/kamranpoladov/db5e1c1b-558e-4f71-be03-2e729f28bda5/Xilinx/Vivado/2020.1/lib/lnx64.o/librdi_commonmain.so(+0xad53) [0x7fdbb2942d53]
/media/kamranpoladov/db5e1c1b-558e-4f71-be03-2e729f28bda5/Xilinx/Vivado/2020.1/lib/lnx64.o/libtcl8.5.so(Tcl_Main+0x1d0) [0x7fdbad9b3210]
/media/kamranpoladov/db5e1c1b-558e-4f71-be03-2e729f28bda5/Xilinx/Vivado/2020.1/lib/lnx64.o/librdi_common.so(+0x9a6e6b) [0x7fdbb34f0e6b]
/lib/x86_64-linux-gnu/libpthread.so.0(+0x9609) [0x7fdbb2179609]
/lib/x86_64-linux-gnu/libc.so.6(clone+0x43) [0x7fdbb22b5293]
