
*** Running vivado
    with args -log design_1_wrapper.vds -m64 -product Vivado -mode batch -messageDb vivado.pb -notrace -source design_1_wrapper.tcl


****** Vivado v2020.1 (64-bit)
  **** SW Build 2902540 on Wed May 27 19:54:35 MDT 2020
  **** IP Build 2902112 on Wed May 27 22:43:36 MDT 2020
    ** Copyright 1986-2020 Xilinx, Inc. All Rights Reserved.

source design_1_wrapper.tcl -notrace
INFO: [IP_Flow 19-234] Refreshing IP repositories
INFO: [IP_Flow 19-1704] No user IP repositories specified
INFO: [IP_Flow 19-2313] Loaded Vivado IP repository '/media/kamranpoladov/db5e1c1b-558e-4f71-be03-2e729f28bda5/Xilinx/Vivado/2020.1/data/ip'.
add_files: Time (s): cpu = 00:00:11 ; elapsed = 00:00:06 . Memory (MB): peak = 2245.777 ; gain = 128.062 ; free physical = 4742 ; free virtual = 11785
Command: synth_design -top design_1_wrapper -part xc7z020clg400-1
Starting synth_design
Attempting to get a license for feature 'Synthesis' and/or device 'xc7z020'
INFO: [Common 17-349] Got license for feature 'Synthesis' and/or device 'xc7z020'
INFO: [Device 21-403] Loading part xc7z020clg400-1
INFO: [Synth 8-7079] Multithreading enabled for synth_design using a maximum of 4 processes.
INFO: [Synth 8-7078] Launching helper process for spawning children vivado processes
INFO: [Synth 8-7075] Helper process launched with PID 754680
---------------------------------------------------------------------------------
Starting RTL Elaboration : Time (s): cpu = 00:00:03 ; elapsed = 00:00:04 . Memory (MB): peak = 2245.777 ; gain = 0.000 ; free physical = 3540 ; free virtual = 10586
---------------------------------------------------------------------------------
INFO: [Synth 8-6157] synthesizing module 'design_1_wrapper' [/media/kamranpoladov/db5e1c1b-558e-4f71-be03-2e729f28bda5/KUL/ddc/ASCII_Displayer_V3/ASCII_Displayer_V3.srcs/sources_1/bd/design_1/hdl/design_1_wrapper.v:12]
INFO: [Synth 8-6157] synthesizing module 'design_1' [/media/kamranpoladov/db5e1c1b-558e-4f71-be03-2e729f28bda5/KUL/ddc/ASCII_Displayer_V3/ASCII_Displayer_V3.srcs/sources_1/bd/design_1/synth/design_1.v:13]
INFO: [Synth 8-6157] synthesizing module 'design_1_AsciiCharsMem_0_0' [/media/kamranpoladov/db5e1c1b-558e-4f71-be03-2e729f28bda5/KUL/ddc/ASCII_Displayer_V3/ASCII_Displayer_V3.runs/synth_1/.Xil/Vivado-754290-XPS-13-9300/realtime/design_1_AsciiCharsMem_0_0_stub.v:6]
INFO: [Synth 8-6155] done synthesizing module 'design_1_AsciiCharsMem_0_0' (1#1) [/media/kamranpoladov/db5e1c1b-558e-4f71-be03-2e729f28bda5/KUL/ddc/ASCII_Displayer_V3/ASCII_Displayer_V3.runs/synth_1/.Xil/Vivado-754290-XPS-13-9300/realtime/design_1_AsciiCharsMem_0_0_stub.v:6]
INFO: [Synth 8-6157] synthesizing module 'design_1_Debounce_Switch_0_0' [/media/kamranpoladov/db5e1c1b-558e-4f71-be03-2e729f28bda5/KUL/ddc/ASCII_Displayer_V3/ASCII_Displayer_V3.runs/synth_1/.Xil/Vivado-754290-XPS-13-9300/realtime/design_1_Debounce_Switch_0_0_stub.v:6]
INFO: [Synth 8-6155] done synthesizing module 'design_1_Debounce_Switch_0_0' (2#1) [/media/kamranpoladov/db5e1c1b-558e-4f71-be03-2e729f28bda5/KUL/ddc/ASCII_Displayer_V3/ASCII_Displayer_V3.runs/synth_1/.Xil/Vivado-754290-XPS-13-9300/realtime/design_1_Debounce_Switch_0_0_stub.v:6]
INFO: [Synth 8-6157] synthesizing module 'design_1_Debounce_Switch_1_0' [/media/kamranpoladov/db5e1c1b-558e-4f71-be03-2e729f28bda5/KUL/ddc/ASCII_Displayer_V3/ASCII_Displayer_V3.runs/synth_1/.Xil/Vivado-754290-XPS-13-9300/realtime/design_1_Debounce_Switch_1_0_stub.v:6]
INFO: [Synth 8-6155] done synthesizing module 'design_1_Debounce_Switch_1_0' (3#1) [/media/kamranpoladov/db5e1c1b-558e-4f71-be03-2e729f28bda5/KUL/ddc/ASCII_Displayer_V3/ASCII_Displayer_V3.runs/synth_1/.Xil/Vivado-754290-XPS-13-9300/realtime/design_1_Debounce_Switch_1_0_stub.v:6]
INFO: [Synth 8-6157] synthesizing module 'design_1_ScreenBufferMem_0_0' [/media/kamranpoladov/db5e1c1b-558e-4f71-be03-2e729f28bda5/KUL/ddc/ASCII_Displayer_V3/ASCII_Displayer_V3.runs/synth_1/.Xil/Vivado-754290-XPS-13-9300/realtime/design_1_ScreenBufferMem_0_0_stub.v:6]
INFO: [Synth 8-6155] done synthesizing module 'design_1_ScreenBufferMem_0_0' (4#1) [/media/kamranpoladov/db5e1c1b-558e-4f71-be03-2e729f28bda5/KUL/ddc/ASCII_Displayer_V3/ASCII_Displayer_V3.runs/synth_1/.Xil/Vivado-754290-XPS-13-9300/realtime/design_1_ScreenBufferMem_0_0_stub.v:6]
WARNING: [Synth 8-7071] port 'oDataB' of module 'design_1_ScreenBufferMem_0_0' is unconnected for instance 'ScreenBufferMem_0' [/media/kamranpoladov/db5e1c1b-558e-4f71-be03-2e729f28bda5/KUL/ddc/ASCII_Displayer_V3/ASCII_Displayer_V3.srcs/sources_1/bd/design_1/synth/design_1.v:86]
WARNING: [Synth 8-7023] instance 'ScreenBufferMem_0' of module 'design_1_ScreenBufferMem_0_0' has 8 connections declared, but only 7 given [/media/kamranpoladov/db5e1c1b-558e-4f71-be03-2e729f28bda5/KUL/ddc/ASCII_Displayer_V3/ASCII_Displayer_V3.srcs/sources_1/bd/design_1/synth/design_1.v:86]
INFO: [Synth 8-6157] synthesizing module 'design_1_VGA_pattern_0_0' [/media/kamranpoladov/db5e1c1b-558e-4f71-be03-2e729f28bda5/KUL/ddc/ASCII_Displayer_V3/ASCII_Displayer_V3.runs/synth_1/.Xil/Vivado-754290-XPS-13-9300/realtime/design_1_VGA_pattern_0_0_stub.v:6]
INFO: [Synth 8-6155] done synthesizing module 'design_1_VGA_pattern_0_0' (5#1) [/media/kamranpoladov/db5e1c1b-558e-4f71-be03-2e729f28bda5/KUL/ddc/ASCII_Displayer_V3/ASCII_Displayer_V3.runs/synth_1/.Xil/Vivado-754290-XPS-13-9300/realtime/design_1_VGA_pattern_0_0_stub.v:6]
INFO: [Synth 8-6157] synthesizing module 'design_1_VGA_timings_0_0' [/media/kamranpoladov/db5e1c1b-558e-4f71-be03-2e729f28bda5/KUL/ddc/ASCII_Displayer_V3/ASCII_Displayer_V3.runs/synth_1/.Xil/Vivado-754290-XPS-13-9300/realtime/design_1_VGA_timings_0_0_stub.v:6]
INFO: [Synth 8-6155] done synthesizing module 'design_1_VGA_timings_0_0' (6#1) [/media/kamranpoladov/db5e1c1b-558e-4f71-be03-2e729f28bda5/KUL/ddc/ASCII_Displayer_V3/ASCII_Displayer_V3.runs/synth_1/.Xil/Vivado-754290-XPS-13-9300/realtime/design_1_VGA_timings_0_0_stub.v:6]
INFO: [Synth 8-6157] synthesizing module 'design_1_clk_wiz_0_0' [/media/kamranpoladov/db5e1c1b-558e-4f71-be03-2e729f28bda5/KUL/ddc/ASCII_Displayer_V3/ASCII_Displayer_V3.runs/synth_1/.Xil/Vivado-754290-XPS-13-9300/realtime/design_1_clk_wiz_0_0_stub.v:5]
INFO: [Synth 8-6155] done synthesizing module 'design_1_clk_wiz_0_0' (7#1) [/media/kamranpoladov/db5e1c1b-558e-4f71-be03-2e729f28bda5/KUL/ddc/ASCII_Displayer_V3/ASCII_Displayer_V3.runs/synth_1/.Xil/Vivado-754290-XPS-13-9300/realtime/design_1_clk_wiz_0_0_stub.v:5]
INFO: [Synth 8-6157] synthesizing module 'design_1_num_capture_4bit_0_0' [/media/kamranpoladov/db5e1c1b-558e-4f71-be03-2e729f28bda5/KUL/ddc/ASCII_Displayer_V3/ASCII_Displayer_V3.runs/synth_1/.Xil/Vivado-754290-XPS-13-9300/realtime/design_1_num_capture_4bit_0_0_stub.v:6]
INFO: [Synth 8-6155] done synthesizing module 'design_1_num_capture_4bit_0_0' (8#1) [/media/kamranpoladov/db5e1c1b-558e-4f71-be03-2e729f28bda5/KUL/ddc/ASCII_Displayer_V3/ASCII_Displayer_V3.runs/synth_1/.Xil/Vivado-754290-XPS-13-9300/realtime/design_1_num_capture_4bit_0_0_stub.v:6]
INFO: [Synth 8-6155] done synthesizing module 'design_1' (9#1) [/media/kamranpoladov/db5e1c1b-558e-4f71-be03-2e729f28bda5/KUL/ddc/ASCII_Displayer_V3/ASCII_Displayer_V3.srcs/sources_1/bd/design_1/synth/design_1.v:13]
INFO: [Synth 8-6155] done synthesizing module 'design_1_wrapper' (10#1) [/media/kamranpoladov/db5e1c1b-558e-4f71-be03-2e729f28bda5/KUL/ddc/ASCII_Displayer_V3/ASCII_Displayer_V3.srcs/sources_1/bd/design_1/hdl/design_1_wrapper.v:12]
---------------------------------------------------------------------------------
Finished RTL Elaboration : Time (s): cpu = 00:00:04 ; elapsed = 00:00:05 . Memory (MB): peak = 2245.777 ; gain = 0.000 ; free physical = 4224 ; free virtual = 11267
---------------------------------------------------------------------------------
---------------------------------------------------------------------------------
Start Handling Custom Attributes
---------------------------------------------------------------------------------
---------------------------------------------------------------------------------
Finished Handling Custom Attributes : Time (s): cpu = 00:00:05 ; elapsed = 00:00:06 . Memory (MB): peak = 2245.777 ; gain = 0.000 ; free physical = 4221 ; free virtual = 11264
---------------------------------------------------------------------------------
---------------------------------------------------------------------------------
Finished RTL Optimization Phase 1 : Time (s): cpu = 00:00:05 ; elapsed = 00:00:06 . Memory (MB): peak = 2245.777 ; gain = 0.000 ; free physical = 4221 ; free virtual = 11264
---------------------------------------------------------------------------------
Netlist sorting complete. Time (s): cpu = 00:00:00 ; elapsed = 00:00:00 . Memory (MB): peak = 2245.777 ; gain = 0.000 ; free physical = 4214 ; free virtual = 11257
INFO: [Project 1-570] Preparing netlist for logic optimization

Processing XDC Constraints
Initializing timing engine
Parsing XDC File [/media/kamranpoladov/db5e1c1b-558e-4f71-be03-2e729f28bda5/KUL/ddc/ASCII_Displayer_V3/ASCII_Displayer_V3.srcs/sources_1/bd/design_1/ip/design_1_clk_wiz_0_0/design_1_clk_wiz_0_0/design_1_clk_wiz_0_0_in_context.xdc] for cell 'design_1_i/clk_wiz_0'
WARNING: [Vivado 12-584] No ports matched ''. [/media/kamranpoladov/db5e1c1b-558e-4f71-be03-2e729f28bda5/KUL/ddc/ASCII_Displayer_V3/ASCII_Displayer_V3.srcs/sources_1/bd/design_1/ip/design_1_clk_wiz_0_0/design_1_clk_wiz_0_0/design_1_clk_wiz_0_0_in_context.xdc:1]
WARNING: [Vivado 12-584] No ports matched ''. [/media/kamranpoladov/db5e1c1b-558e-4f71-be03-2e729f28bda5/KUL/ddc/ASCII_Displayer_V3/ASCII_Displayer_V3.srcs/sources_1/bd/design_1/ip/design_1_clk_wiz_0_0/design_1_clk_wiz_0_0/design_1_clk_wiz_0_0_in_context.xdc:4]
Finished Parsing XDC File [/media/kamranpoladov/db5e1c1b-558e-4f71-be03-2e729f28bda5/KUL/ddc/ASCII_Displayer_V3/ASCII_Displayer_V3.srcs/sources_1/bd/design_1/ip/design_1_clk_wiz_0_0/design_1_clk_wiz_0_0/design_1_clk_wiz_0_0_in_context.xdc] for cell 'design_1_i/clk_wiz_0'
Parsing XDC File [/media/kamranpoladov/db5e1c1b-558e-4f71-be03-2e729f28bda5/KUL/ddc/ASCII_Displayer_V3/ASCII_Displayer_V3.srcs/sources_1/bd/design_1/ip/design_1_Debounce_Switch_0_0/design_1_Debounce_Switch_0_0/design_1_Debounce_Switch_0_0_in_context.xdc] for cell 'design_1_i/Debounce_Switch_0'
Finished Parsing XDC File [/media/kamranpoladov/db5e1c1b-558e-4f71-be03-2e729f28bda5/KUL/ddc/ASCII_Displayer_V3/ASCII_Displayer_V3.srcs/sources_1/bd/design_1/ip/design_1_Debounce_Switch_0_0/design_1_Debounce_Switch_0_0/design_1_Debounce_Switch_0_0_in_context.xdc] for cell 'design_1_i/Debounce_Switch_0'
Parsing XDC File [/media/kamranpoladov/db5e1c1b-558e-4f71-be03-2e729f28bda5/KUL/ddc/ASCII_Displayer_V3/ASCII_Displayer_V3.srcs/sources_1/bd/design_1/ip/design_1_num_capture_4bit_0_0/design_1_num_capture_4bit_0_0/design_1_num_capture_4bit_0_0_in_context.xdc] for cell 'design_1_i/num_capture_4bit_0'
Finished Parsing XDC File [/media/kamranpoladov/db5e1c1b-558e-4f71-be03-2e729f28bda5/KUL/ddc/ASCII_Displayer_V3/ASCII_Displayer_V3.srcs/sources_1/bd/design_1/ip/design_1_num_capture_4bit_0_0/design_1_num_capture_4bit_0_0/design_1_num_capture_4bit_0_0_in_context.xdc] for cell 'design_1_i/num_capture_4bit_0'
Parsing XDC File [/media/kamranpoladov/db5e1c1b-558e-4f71-be03-2e729f28bda5/KUL/ddc/ASCII_Displayer_V3/ASCII_Displayer_V3.srcs/sources_1/bd/design_1/ip/design_1_Debounce_Switch_1_0/design_1_Debounce_Switch_1_0/design_1_Debounce_Switch_1_0_in_context.xdc] for cell 'design_1_i/Debounce_Switch_1'
Finished Parsing XDC File [/media/kamranpoladov/db5e1c1b-558e-4f71-be03-2e729f28bda5/KUL/ddc/ASCII_Displayer_V3/ASCII_Displayer_V3.srcs/sources_1/bd/design_1/ip/design_1_Debounce_Switch_1_0/design_1_Debounce_Switch_1_0/design_1_Debounce_Switch_1_0_in_context.xdc] for cell 'design_1_i/Debounce_Switch_1'
Parsing XDC File [/media/kamranpoladov/db5e1c1b-558e-4f71-be03-2e729f28bda5/KUL/ddc/ASCII_Displayer_V3/ASCII_Displayer_V3.srcs/sources_1/bd/design_1/ip/design_1_ScreenBufferMem_0_0/design_1_ScreenBufferMem_0_0/design_1_ScreenBufferMem_0_0_in_context.xdc] for cell 'design_1_i/ScreenBufferMem_0'
Finished Parsing XDC File [/media/kamranpoladov/db5e1c1b-558e-4f71-be03-2e729f28bda5/KUL/ddc/ASCII_Displayer_V3/ASCII_Displayer_V3.srcs/sources_1/bd/design_1/ip/design_1_ScreenBufferMem_0_0/design_1_ScreenBufferMem_0_0/design_1_ScreenBufferMem_0_0_in_context.xdc] for cell 'design_1_i/ScreenBufferMem_0'
Parsing XDC File [/media/kamranpoladov/db5e1c1b-558e-4f71-be03-2e729f28bda5/KUL/ddc/ASCII_Displayer_V3/ASCII_Displayer_V3.srcs/sources_1/bd/design_1/ip/design_1_VGA_timings_0_0/design_1_VGA_timings_0_0/design_1_VGA_timings_0_0_in_context.xdc] for cell 'design_1_i/VGA_timings_0'
Finished Parsing XDC File [/media/kamranpoladov/db5e1c1b-558e-4f71-be03-2e729f28bda5/KUL/ddc/ASCII_Displayer_V3/ASCII_Displayer_V3.srcs/sources_1/bd/design_1/ip/design_1_VGA_timings_0_0/design_1_VGA_timings_0_0/design_1_VGA_timings_0_0_in_context.xdc] for cell 'design_1_i/VGA_timings_0'
Parsing XDC File [/media/kamranpoladov/db5e1c1b-558e-4f71-be03-2e729f28bda5/KUL/ddc/ASCII_Displayer_V3/ASCII_Displayer_V3.srcs/sources_1/bd/design_1/ip/design_1_AsciiCharsMem_0_0/design_1_AsciiCharsMem_0_0/design_1_AsciiCharsMem_0_0_in_context.xdc] for cell 'design_1_i/AsciiCharsMem_0'
Finished Parsing XDC File [/media/kamranpoladov/db5e1c1b-558e-4f71-be03-2e729f28bda5/KUL/ddc/ASCII_Displayer_V3/ASCII_Displayer_V3.srcs/sources_1/bd/design_1/ip/design_1_AsciiCharsMem_0_0/design_1_AsciiCharsMem_0_0/design_1_AsciiCharsMem_0_0_in_context.xdc] for cell 'design_1_i/AsciiCharsMem_0'
Parsing XDC File [/media/kamranpoladov/db5e1c1b-558e-4f71-be03-2e729f28bda5/KUL/ddc/ASCII_Displayer_V3/ASCII_Displayer_V3.srcs/sources_1/bd/design_1/ip/design_1_VGA_pattern_0_0/design_1_VGA_pattern_0_0/design_1_VGA_pattern_0_0_in_context.xdc] for cell 'design_1_i/VGA_pattern_0'
Finished Parsing XDC File [/media/kamranpoladov/db5e1c1b-558e-4f71-be03-2e729f28bda5/KUL/ddc/ASCII_Displayer_V3/ASCII_Displayer_V3.srcs/sources_1/bd/design_1/ip/design_1_VGA_pattern_0_0/design_1_VGA_pattern_0_0/design_1_VGA_pattern_0_0_in_context.xdc] for cell 'design_1_i/VGA_pattern_0'
Parsing XDC File [/media/kamranpoladov/db5e1c1b-558e-4f71-be03-2e729f28bda5/KUL/ddc/ASCII_Displayer_V3/ASCII_Displayer_V3.srcs/constrs_1/new/pynq-z2.xdc]
Finished Parsing XDC File [/media/kamranpoladov/db5e1c1b-558e-4f71-be03-2e729f28bda5/KUL/ddc/ASCII_Displayer_V3/ASCII_Displayer_V3.srcs/constrs_1/new/pynq-z2.xdc]
INFO: [Project 1-236] Implementation specific constraints were found while reading constraint file [/media/kamranpoladov/db5e1c1b-558e-4f71-be03-2e729f28bda5/KUL/ddc/ASCII_Displayer_V3/ASCII_Displayer_V3.srcs/constrs_1/new/pynq-z2.xdc]. These constraints will be ignored for synthesis but will be used in implementation. Impacted constraints are listed in the file [.Xil/design_1_wrapper_propImpl.xdc].
Resolution: To avoid this warning, move constraints listed in [.Xil/design_1_wrapper_propImpl.xdc] to another XDC file and exclude this new file from synthesis with the used_in_synthesis property (File Properties dialog in GUI) and re-run elaboration/synthesis.
Parsing XDC File [/media/kamranpoladov/db5e1c1b-558e-4f71-be03-2e729f28bda5/KUL/ddc/ASCII_Displayer_V3/ASCII_Displayer_V3.runs/synth_1/dont_touch.xdc]
Finished Parsing XDC File [/media/kamranpoladov/db5e1c1b-558e-4f71-be03-2e729f28bda5/KUL/ddc/ASCII_Displayer_V3/ASCII_Displayer_V3.runs/synth_1/dont_touch.xdc]
Completed Processing XDC Constraints

Netlist sorting complete. Time (s): cpu = 00:00:00 ; elapsed = 00:00:00 . Memory (MB): peak = 2273.340 ; gain = 0.000 ; free physical = 4131 ; free virtual = 11174
INFO: [Project 1-111] Unisim Transformation Summary:
No Unisim elements were transformed.

Constraint Validation Runtime : Time (s): cpu = 00:00:00 ; elapsed = 00:00:00 . Memory (MB): peak = 2273.340 ; gain = 0.000 ; free physical = 4131 ; free virtual = 11174
---------------------------------------------------------------------------------
Finished Constraint Validation : Time (s): cpu = 00:00:09 ; elapsed = 00:00:12 . Memory (MB): peak = 2273.340 ; gain = 27.562 ; free physical = 4207 ; free virtual = 11250
---------------------------------------------------------------------------------
---------------------------------------------------------------------------------
Start Loading Part and Timing Information
---------------------------------------------------------------------------------
Loading part: xc7z020clg400-1
---------------------------------------------------------------------------------
Finished Loading Part and Timing Information : Time (s): cpu = 00:00:09 ; elapsed = 00:00:12 . Memory (MB): peak = 2273.340 ; gain = 27.562 ; free physical = 4207 ; free virtual = 11250
---------------------------------------------------------------------------------
---------------------------------------------------------------------------------
Start Applying 'set_property' XDC Constraints
---------------------------------------------------------------------------------
Applied set_property IO_BUFFER_TYPE = NONE for iClk. (constraint file  /media/kamranpoladov/db5e1c1b-558e-4f71-be03-2e729f28bda5/KUL/ddc/ASCII_Displayer_V3/ASCII_Displayer_V3.srcs/sources_1/bd/design_1/ip/design_1_clk_wiz_0_0/design_1_clk_wiz_0_0/design_1_clk_wiz_0_0_in_context.xdc, line 5).
Applied set_property CLOCK_BUFFER_TYPE = NONE for iClk. (constraint file  /media/kamranpoladov/db5e1c1b-558e-4f71-be03-2e729f28bda5/KUL/ddc/ASCII_Displayer_V3/ASCII_Displayer_V3.srcs/sources_1/bd/design_1/ip/design_1_clk_wiz_0_0/design_1_clk_wiz_0_0/design_1_clk_wiz_0_0_in_context.xdc, line 6).
Applied set_property DONT_TOUCH = true for design_1_i. (constraint file  auto generated constraint, line ).
Applied set_property DONT_TOUCH = true for design_1_i/clk_wiz_0. (constraint file  auto generated constraint, line ).
Applied set_property DONT_TOUCH = true for design_1_i/Debounce_Switch_0. (constraint file  auto generated constraint, line ).
Applied set_property DONT_TOUCH = true for design_1_i/num_capture_4bit_0. (constraint file  auto generated constraint, line ).
Applied set_property DONT_TOUCH = true for design_1_i/Debounce_Switch_1. (constraint file  auto generated constraint, line ).
Applied set_property DONT_TOUCH = true for design_1_i/ScreenBufferMem_0. (constraint file  auto generated constraint, line ).
Applied set_property DONT_TOUCH = true for design_1_i/VGA_timings_0. (constraint file  auto generated constraint, line ).
Applied set_property DONT_TOUCH = true for design_1_i/AsciiCharsMem_0. (constraint file  auto generated constraint, line ).
Applied set_property DONT_TOUCH = true for design_1_i/VGA_pattern_0. (constraint file  auto generated constraint, line ).
---------------------------------------------------------------------------------
Finished applying 'set_property' XDC Constraints : Time (s): cpu = 00:00:09 ; elapsed = 00:00:12 . Memory (MB): peak = 2273.340 ; gain = 27.562 ; free physical = 4207 ; free virtual = 11250
---------------------------------------------------------------------------------
---------------------------------------------------------------------------------
Finished RTL Optimization Phase 2 : Time (s): cpu = 00:00:09 ; elapsed = 00:00:12 . Memory (MB): peak = 2273.340 ; gain = 27.562 ; free physical = 4208 ; free virtual = 11253
---------------------------------------------------------------------------------
---------------------------------------------------------------------------------
Start RTL Component Statistics 
---------------------------------------------------------------------------------
Detailed RTL Component Info : 
---------------------------------------------------------------------------------
Finished RTL Component Statistics 
---------------------------------------------------------------------------------
---------------------------------------------------------------------------------
Start Part Resource Summary
---------------------------------------------------------------------------------
Part Resources:
DSPs: 220 (col length:60)
BRAMs: 280 (col length: RAMB18 60 RAMB36 30)
---------------------------------------------------------------------------------
Finished Part Resource Summary
---------------------------------------------------------------------------------
---------------------------------------------------------------------------------
Start Cross Boundary and Area Optimization
---------------------------------------------------------------------------------
---------------------------------------------------------------------------------
Finished Cross Boundary and Area Optimization : Time (s): cpu = 00:00:10 ; elapsed = 00:00:13 . Memory (MB): peak = 2273.340 ; gain = 27.562 ; free physical = 4183 ; free virtual = 11230
---------------------------------------------------------------------------------
---------------------------------------------------------------------------------
Start Applying XDC Timing Constraints
---------------------------------------------------------------------------------
---------------------------------------------------------------------------------
Finished Applying XDC Timing Constraints : Time (s): cpu = 00:00:15 ; elapsed = 00:00:19 . Memory (MB): peak = 2273.340 ; gain = 27.562 ; free physical = 4066 ; free virtual = 11109
---------------------------------------------------------------------------------
---------------------------------------------------------------------------------
Start Timing Optimization
---------------------------------------------------------------------------------
---------------------------------------------------------------------------------
Finished Timing Optimization : Time (s): cpu = 00:00:15 ; elapsed = 00:00:19 . Memory (MB): peak = 2273.340 ; gain = 27.562 ; free physical = 4066 ; free virtual = 11109
---------------------------------------------------------------------------------
---------------------------------------------------------------------------------
Start Technology Mapping
---------------------------------------------------------------------------------
---------------------------------------------------------------------------------
Finished Technology Mapping : Time (s): cpu = 00:00:15 ; elapsed = 00:00:19 . Memory (MB): peak = 2273.340 ; gain = 27.562 ; free physical = 4064 ; free virtual = 11108
---------------------------------------------------------------------------------
---------------------------------------------------------------------------------
Start IO Insertion
---------------------------------------------------------------------------------
---------------------------------------------------------------------------------
Start Flattening Before IO Insertion
---------------------------------------------------------------------------------
---------------------------------------------------------------------------------
Finished Flattening Before IO Insertion
---------------------------------------------------------------------------------
---------------------------------------------------------------------------------
Start Final Netlist Cleanup
---------------------------------------------------------------------------------
---------------------------------------------------------------------------------
Finished Final Netlist Cleanup
---------------------------------------------------------------------------------
---------------------------------------------------------------------------------
Finished IO Insertion : Time (s): cpu = 00:00:18 ; elapsed = 00:00:21 . Memory (MB): peak = 2274.293 ; gain = 28.516 ; free physical = 4000 ; free virtual = 11043
---------------------------------------------------------------------------------
---------------------------------------------------------------------------------
Start Renaming Generated Instances
---------------------------------------------------------------------------------
---------------------------------------------------------------------------------
Finished Renaming Generated Instances : Time (s): cpu = 00:00:18 ; elapsed = 00:00:21 . Memory (MB): peak = 2274.293 ; gain = 28.516 ; free physical = 4000 ; free virtual = 11043
---------------------------------------------------------------------------------
---------------------------------------------------------------------------------
Start Rebuilding User Hierarchy
---------------------------------------------------------------------------------
---------------------------------------------------------------------------------
Finished Rebuilding User Hierarchy : Time (s): cpu = 00:00:18 ; elapsed = 00:00:21 . Memory (MB): peak = 2274.293 ; gain = 28.516 ; free physical = 4000 ; free virtual = 11043
---------------------------------------------------------------------------------
---------------------------------------------------------------------------------
Start Renaming Generated Ports
---------------------------------------------------------------------------------
---------------------------------------------------------------------------------
Finished Renaming Generated Ports : Time (s): cpu = 00:00:18 ; elapsed = 00:00:21 . Memory (MB): peak = 2274.293 ; gain = 28.516 ; free physical = 4000 ; free virtual = 11043
---------------------------------------------------------------------------------
---------------------------------------------------------------------------------
Start Handling Custom Attributes
---------------------------------------------------------------------------------
---------------------------------------------------------------------------------
Finished Handling Custom Attributes : Time (s): cpu = 00:00:18 ; elapsed = 00:00:21 . Memory (MB): peak = 2274.293 ; gain = 28.516 ; free physical = 4000 ; free virtual = 11043
---------------------------------------------------------------------------------
---------------------------------------------------------------------------------
Start Renaming Generated Nets
---------------------------------------------------------------------------------
---------------------------------------------------------------------------------
Finished Renaming Generated Nets : Time (s): cpu = 00:00:18 ; elapsed = 00:00:21 . Memory (MB): peak = 2274.293 ; gain = 28.516 ; free physical = 4000 ; free virtual = 11043
---------------------------------------------------------------------------------
---------------------------------------------------------------------------------
Start Writing Synthesis Report
---------------------------------------------------------------------------------

Report BlackBoxes: 
+------+------------------------------+----------+
|      |BlackBox name                 |Instances |
+------+------------------------------+----------+
|1     |design_1_AsciiCharsMem_0_0    |         1|
|2     |design_1_Debounce_Switch_0_0  |         1|
|3     |design_1_Debounce_Switch_1_0  |         1|
|4     |design_1_ScreenBufferMem_0_0  |         1|
|5     |design_1_VGA_pattern_0_0      |         1|
|6     |design_1_VGA_timings_0_0      |         1|
|7     |design_1_clk_wiz_0_0          |         1|
|8     |design_1_num_capture_4bit_0_0 |         1|
+------+------------------------------+----------+

Report Cell Usage: 
+------+----------------------------+------+
|      |Cell                        |Count |
+------+----------------------------+------+
|1     |design_1_AsciiCharsMem_0    |     1|
|2     |design_1_Debounce_Switch_0  |     1|
|3     |design_1_Debounce_Switch_1  |     1|
|4     |design_1_ScreenBufferMem_0  |     1|
|5     |design_1_VGA_pattern_0      |     1|
|6     |design_1_VGA_timings_0      |     1|
|7     |design_1_clk_wiz_0          |     1|
|8     |design_1_num_capture_4bit_0 |     1|
|9     |IBUF                        |     5|
|10    |OBUF                        |    14|
+------+----------------------------+------+
---------------------------------------------------------------------------------
Finished Writing Synthesis Report : Time (s): cpu = 00:00:18 ; elapsed = 00:00:21 . Memory (MB): peak = 2274.293 ; gain = 28.516 ; free physical = 4000 ; free virtual = 11043
---------------------------------------------------------------------------------
Synthesis finished with 0 errors, 0 critical warnings and 0 warnings.
Synthesis Optimization Runtime : Time (s): cpu = 00:00:16 ; elapsed = 00:00:19 . Memory (MB): peak = 2274.293 ; gain = 0.953 ; free physical = 4054 ; free virtual = 11098
Synthesis Optimization Complete : Time (s): cpu = 00:00:18 ; elapsed = 00:00:21 . Memory (MB): peak = 2274.301 ; gain = 28.516 ; free physical = 4054 ; free virtual = 11098
INFO: [Project 1-571] Translating synthesized netlist
Netlist sorting complete. Time (s): cpu = 00:00:00 ; elapsed = 00:00:00 . Memory (MB): peak = 2274.301 ; gain = 0.000 ; free physical = 4193 ; free virtual = 11237
INFO: [Project 1-570] Preparing netlist for logic optimization
INFO: [Opt 31-138] Pushed 0 inverter(s) to 0 load pin(s).
Netlist sorting complete. Time (s): cpu = 00:00:00 ; elapsed = 00:00:00 . Memory (MB): peak = 2280.230 ; gain = 0.000 ; free physical = 4136 ; free virtual = 11180
INFO: [Project 1-111] Unisim Transformation Summary:
No Unisim elements were transformed.

INFO: [Common 17-83] Releasing license: Synthesis
36 Infos, 4 Warnings, 0 Critical Warnings and 0 Errors encountered.
synth_design completed successfully
synth_design: Time (s): cpu = 00:00:27 ; elapsed = 00:00:28 . Memory (MB): peak = 2280.230 ; gain = 34.453 ; free physical = 4267 ; free virtual = 11311
INFO: [Common 17-1381] The checkpoint '/media/kamranpoladov/db5e1c1b-558e-4f71-be03-2e729f28bda5/KUL/ddc/ASCII_Displayer_V3/ASCII_Displayer_V3.runs/synth_1/design_1_wrapper.dcp' has been generated.
INFO: [runtcl-4] Executing : report_utilization -file design_1_wrapper_utilization_synth.rpt -pb design_1_wrapper_utilization_synth.pb
INFO: [Common 17-206] Exiting Vivado at Thu Dec 16 19:07:59 2021...
